build/app/outputs/mapping/release/mapping.txt
# compiler: R8
# compiler_version: 1.5.64
# min_api: 16
# pg_map_id: bd03886
com.example.myapp.MainActivity -> com.example.myapp.MainActivity:
    void configureFlutterEngine(io.flutter.embedding.engine.FlutterEngine) -> a
...
com.google.android.exoplayer2.extractor.ts.LatmReader -> b.a.a.a.m0.y.q:
    int numSubframes -> n
    java.lang.String formatId -> f
    int frameLengthType -> o
    long timeUs -> k
    int audioMuxVersionA -> m
    boolean otherDataPresent -> p
    int secondHeaderByte -> j
    int bytesRead -> h
    int sampleSize -> i
    boolean streamMuxRead -> l
    int state -> g
    com.google.android.exoplayer2.util.ParsableBitArray sampleBitArray -> c
    com.google.android.exoplayer2.extractor.TrackOutput output -> d
    long otherDataLenBits -> q
    java.lang.String language -> a
    int channelCount -> t
    long sampleDurationUs -> s
    int sampleRateHz -> r
    com.google.android.exoplayer2.Format format -> e
    com.google.android.exoplayer2.util.ParsableByteArray sampleDataBuffer -> b
    void consume(com.google.android.exoplayer2.util.ParsableByteArray) -> a
    void createTracks(com.google.android.exoplayer2.extractor.ExtractorOutput,com.google.android.exoplayer2.extractor.ts.TsPayloadReader$TrackIdGenerator) -> a
    long latmGetValue(com.google.android.exoplayer2.util.ParsableBitArray) -> a
    void packetStarted(long,int) -> a
    void parsePayloadMux(com.google.android.exoplayer2.util.ParsableBitArray,int) -> a
    void resetBufferForSize(int) -> a
    void seek() -> a
    void packetFinished() -> b
    void parseAudioMuxElement(com.google.android.exoplayer2.util.ParsableBitArray) -> b
com.google.android.exoplayer2.extractor.ts.MpegAudioReader -> b.a.a.a.m0.y.r:
    long frameDurationUs -> j
    long timeUs -> l
    boolean lastByteWasFF -> i
    int frameSize -> k
    com.google.android.exoplayer2.extractor.TrackOutput output -> e
    int state -> f
    int frameBytesRead -> g
    boolean hasOutputFormat -> h
    com.google.android.exoplayer2.extractor.MpegAudioHeader header -> b
    java.lang.String language -> c
    com.google.android.exoplayer2.util.ParsableByteArray headerScratch -> a
    java.lang.String formatId -> d
    void consume(com.google.android.exoplayer2.util.ParsableByteArray) -> a
    void createTracks(com.google.android.exoplayer2.extractor.ExtractorOutput,com.google.android.exoplayer2.extractor.ts.TsPayloadReader$TrackIdGenerator) -> a
    void packetStarted(long,int) -> a
    void seek() -> a
    void findHeader(com.google.android.exoplayer2.util.ParsableByteArray) -> b
    void packetFinished() -> b
    void readFrameRemainder(com.google.android.exoplayer2.util.ParsableByteArray) -> c
    void readHeaderRemainder(com.google.android.exoplayer2.util.ParsableByteArray) -> d
com.google.android.exoplayer2.extractor.ts.NalUnitTargetBuffer -> b.a.a.a.m0.y.s:
    int nalLength -> e
    byte[] nalData -> d
    boolean isFilling -> b
    boolean isCompleted -> c
    int targetType -> a
    void appendToNalUnit(byte[],int,int) -> a
    boolean endNalUnit(int) -> a
    boolean isCompleted() -> a
    void reset() -> b
    void startNalUnit(int) -> b
com.google.android.exoplayer2.extractor.ts.PesReader -> b.a.a.a.m0.y.t:
    com.google.android.exoplayer2.util.ParsableBitArray pesScratch -> b
    long timeUs -> l
    int payloadSize -> j
    com.google.android.exoplayer2.extractor.ts.ElementaryStreamReader reader -> a
    boolean dataAlignmentIndicator -> k
    int extendedHeaderLength -> i
    com.google.android.exoplayer2.util.TimestampAdjuster timestampAdjuster -> e
    boolean ptsFlag -> f
    int bytesRead -> d
    boolean dtsFlag -> g
    boolean seenFirstDts -> h
    int state -> c
    void consume(com.google.android.exoplayer2.util.ParsableByteArray,int) -> a
    boolean continueRead(com.google.android.exoplayer2.util.ParsableByteArray,byte[],int) -> a
    void init(com.google.android.exoplayer2.util.TimestampAdjuster,com.google.android.exoplayer2.extractor.ExtractorOutput,com.google.android.exoplayer2.extractor.ts.TsPayloadReader$TrackIdGenerator) -> a
    void seek() -> a
    void setState(int) -> a
    boolean parseHeader() -> b
    void parseHeaderExtension() -> c